# JRE version: Java(TM) SE Runtime Environment (8.0_172-b11) (build 1.8.0_172-b11)
# Java VM: Java HotSpot(TM) 64-Bit Server VM (25.172-b11 mixed mode bsd-amd64 compressed oops)
Heap:
 PSYoungGen      total 101888K, used 42547K [0x0000000740000000, 0x0000000747000000, 0x00000007c0000000)
  eden space 94208K, 37% used [0x0000000740000000,0x0000000742230bd0,0x0000000745c00000)
  from space 7680K, 98% used [0x0000000746880000,0x0000000746fdc060,0x0000000747000000)
  to   space 8192K, 0% used [0x0000000746000000,0x0000000746000000,0x0000000746800000)
 ParOldGen       total 262144K, used 72K [0x0000000640000000, 0x0000000650000000, 0x0000000740000000)
  object space 262144K, 0% used [0x0000000640000000,0x0000000640012000,0x0000000650000000)
 Metaspace       used 16923K, capacity 17712K, committed 18048K, reserved 1064960K
  class space    used 2113K, capacity 2308K, committed 2432K, reserved 1048576K
GC Heap History (10 events):
Event: 825.913 GC heap before
{Heap before GC invocations=2 (full 0):
 PSYoungGen      total 114688K, used 105608K [0x0000000740000000, 0x0000000748000000, 0x00000007c0000000)
  eden space 98304K, 100% used [0x0000000740000000,0x0000000746000000,0x0000000746000000)
  from space 16384K, 44% used [0x0000000746000000,0x0000000746722060,0x0000000747000000)
  to   space 16384K, 0% used [0x0000000747000000,0x0000000747000000,0x0000000748000000)
 ParOldGen       total 262144K, used 24K [0x0000000640000000, 0x0000000650000000, 0x0000000740000000)
  object space 262144K, 0% used [0x0000000640000000,0x0000000640006000,0x0000000650000000)
 Metaspace       used 16866K, capacity 17712K, committed 18048K, reserved 1064960K
  class space    used 2113K, capacity 2308K, committed 2432K, reserved 1048576K
Event: 825.920 GC heap after
Heap after GC invocations=2 (full 0):
 PSYoungGen      total 114688K, used 7578K [0x0000000740000000, 0x0000000748000000, 0x00000007c0000000)
  eden space 98304K, 0% used [0x0000000740000000,0x0000000740000000,0x0000000746000000)
  from space 16384K, 46% used [0x0000000747000000,0x0000000747766ae0,0x0000000748000000)
  to   space 16384K, 0% used [0x0000000746000000,0x0000000746000000,0x0000000747000000)
 ParOldGen       total 262144K, used 40K [0x0000000640000000, 0x0000000650000000, 0x0000000740000000)
  object space 262144K, 0% used [0x0000000640000000,0x000000064000a000,0x0000000650000000)
 Metaspace       used 16866K, capacity 17712K, committed 18048K, reserved 1064960K
  class space    used 2113K, capacity 2308K, committed 2432K, reserved 1048576K
}
Event: 1427.777 GC heap before
{Heap before GC invocations=3 (full 0):
 PSYoungGen      total 114688K, used 105882K [0x0000000740000000, 0x0000000748000000, 0x00000007c0000000)
  eden space 98304K, 100% used [0x0000000740000000,0x0000000746000000,0x0000000746000000)
  from space 16384K, 46% used [0x0000000747000000,0x0000000747766ae0,0x0000000748000000)
  to   space 16384K, 0% used [0x0000000746000000,0x0000000746000000,0x0000000747000000)
 ParOldGen       total 262144K, used 40K [0x0000000640000000, 0x0000000650000000, 0x0000000740000000)
  object space 262144K, 0% used [0x0000000640000000,0x000000064000a000,0x0000000650000000)
 Metaspace       used 16868K, capacity 17712K, committed 18048K, reserved 1064960K
  class space    used 2113K, capacity 2308K, committed 2432K, reserved 1048576K
Event: 1427.784 GC heap after
Heap after GC invocations=3 (full 0):
 PSYoungGen      total 114688K, used 7960K [0x0000000740000000, 0x0000000748000000, 0x00000007c0000000)
  eden space 98304K, 0% used [0x0000000740000000,0x0000000740000000,0x0000000746000000)
  from space 16384K, 48% used [0x0000000746000000,0x00000007467c6050,0x0000000747000000)
  to   space 16384K, 0% used [0x0000000747000000,0x0000000747000000,0x0000000748000000)
 ParOldGen       total 262144K, used 48K [0x0000000640000000, 0x0000000650000000, 0x0000000740000000)
  object space 262144K, 0% used [0x0000000640000000,0x000000064000c000,0x0000000650000000)
 Metaspace       used 16868K, capacity 17712K, committed 18048K, reserved 1064960K
  class space    used 2113K, capacity 2308K, committed 2432K, reserved 1048576K
}
Event: 2038.893 GC heap before
{Heap before GC invocations=4 (full 0):
 PSYoungGen      total 114688K, used 106264K [0x0000000740000000, 0x0000000748000000, 0x00000007c0000000)
  eden space 98304K, 100% used [0x0000000740000000,0x0000000746000000,0x0000000746000000)
  from space 16384K, 48% used [0x0000000746000000,0x00000007467c6050,0x0000000747000000)
  to   space 16384K, 0% used [0x0000000747000000,0x0000000747000000,0x0000000748000000)
 ParOldGen       total 262144K, used 48K [0x0000000640000000, 0x0000000650000000, 0x0000000740000000)
  object space 262144K, 0% used [0x0000000640000000,0x000000064000c000,0x0000000650000000)
 Metaspace       used 16875K, capacity 17712K, committed 18048K, reserved 1064960K
  class space    used 2113K, capacity 2308K, committed 2432K, reserved 1048576K
Event: 2038.901 GC heap after
Heap after GC invocations=4 (full 0):
 PSYoungGen      total 114688K, used 6688K [0x0000000740000000, 0x0000000748000000, 0x00000007c0000000)
  eden space 98304K, 0% used [0x0000000740000000,0x0000000740000000,0x0000000746000000)
  from space 16384K, 40% used [0x0000000747000000,0x0000000747688070,0x0000000748000000)
  to   space 16384K, 0% used [0x0000000746000000,0x0000000746000000,0x0000000747000000)
 ParOldGen       total 262144K, used 56K [0x0000000640000000, 0x0000000650000000, 0x0000000740000000)
  object space 262144K, 0% used [0x0000000640000000,0x000000064000e000,0x0000000650000000)
 Metaspace       used 16875K, capacity 17712K, committed 18048K, reserved 1064960K
  class space    used 2113K, capacity 2308K, committed 2432K, reserved 1048576K
}
Event: 2660.896 GC heap before
{Heap before GC invocations=5 (full 0):
 PSYoungGen      total 114688K, used 104992K [0x0000000740000000, 0x0000000748000000, 0x00000007c0000000)
  eden space 98304K, 100% used [0x0000000740000000,0x0000000746000000,0x0000000746000000)
  from space 16384K, 40% used [0x0000000747000000,0x0000000747688070,0x0000000748000000)
  to   space 16384K, 0% used [0x0000000746000000,0x0000000746000000,0x0000000747000000)
 ParOldGen       total 262144K, used 56K [0x0000000640000000, 0x0000000650000000, 0x0000000740000000)
  object space 262144K, 0% used [0x0000000640000000,0x000000064000e000,0x0000000650000000)
 Metaspace       used 16886K, capacity 17712K, committed 18048K, reserved 1064960K
  class space    used 2113K, capacity 2308K, committed 2432K, reserved 1048576K
Event: 2660.902 GC heap after
Heap after GC invocations=5 (full 0):
 PSYoungGen      total 103936K, used 7168K [0x0000000740000000, 0x0000000747080000, 0x00000007c0000000)
  eden space 96256K, 0% used [0x0000000740000000,0x0000000740000000,0x0000000745e00000)
  from space 7680K, 93% used [0x0000000746000000,0x0000000746700070,0x0000000746780000)
  to   space 8192K, 0% used [0x0000000746880000,0x0000000746880000,0x0000000747080000)
 ParOldGen       total 262144K, used 64K [0x0000000640000000, 0x0000000650000000, 0x0000000740000000)
  object space 262144K, 0% used [0x0000000640000000,0x0000000640010000,0x0000000650000000)
 Metaspace       used 16886K, capacity 17712K, committed 18048K, reserved 1064960K
  class space    used 2113K, capacity 2308K, committed 2432K, reserved 1048576K
}
Event: 3255.907 GC heap before
{Heap before GC invocations=6 (full 0):
 PSYoungGen      total 103936K, used 103424K [0x0000000740000000, 0x0000000747080000, 0x00000007c0000000)
  eden space 96256K, 100% used [0x0000000740000000,0x0000000745e00000,0x0000000745e00000)
  from space 7680K, 93% used [0x0000000746000000,0x0000000746700070,0x0000000746780000)
  to   space 8192K, 0% used [0x0000000746880000,0x0000000746880000,0x0000000747080000)
 ParOldGen       total 262144K, used 64K [0x0000000640000000, 0x0000000650000000, 0x0000000740000000)
  object space 262144K, 0% used [0x0000000640000000,0x0000000640010000,0x0000000650000000)
 Metaspace       used 16923K, capacity 17712K, committed 18048K, reserved 1064960K
  class space    used 2113K, capacity 2308K, committed 2432K, reserved 1048576K
Event: 3255.915 GC heap after
Heap after GC invocations=6 (full 0):
 PSYoungGen      total 101888K, used 7536K [0x0000000740000000, 0x0000000747000000, 0x00000007c0000000)
  eden space 94208K, 0% used [0x0000000740000000,0x0000000740000000,0x0000000745c00000)
  from space 7680K, 98% used [0x0000000746880000,0x0000000746fdc060,0x0000000747000000)
  to   space 8192K, 0% used [0x0000000746000000,0x0000000746000000,0x0000000746800000)
 ParOldGen       total 262144K, used 72K [0x0000000640000000, 0x0000000650000000, 0x0000000740000000)
  object space 262144K, 0% used [0x0000000640000000,0x0000000640012000,0x0000000650000000)
 Metaspace       used 16923K, capacity 17712K, committed 18048K, reserved 1064960K
  class space    used 2113K, capacity 2308K, committed 2432K, reserved 1048576K
}

