# JRE version: Java(TM) SE Runtime Environment (8.0_172-b11) (build 1.8.0_172-b11)
# Java VM: Java HotSpot(TM) 64-Bit Server VM (25.172-b11 mixed mode bsd-amd64 compressed oops)
Heap:
 PSYoungGen      total 114688K, used 3620K [0x0000000740000000, 0x0000000748000000, 0x00000007c0000000)
  eden space 98304K, 3% used [0x0000000740000000,0x0000000740389220,0x0000000746000000)
  from space 16384K, 0% used [0x0000000746000000,0x0000000746000000,0x0000000747000000)
  to   space 16384K, 0% used [0x0000000747000000,0x0000000747000000,0x0000000748000000)
 ParOldGen       total 185344K, used 12077K [0x0000000640000000, 0x000000064b500000, 0x0000000740000000)
  object space 185344K, 6% used [0x0000000640000000,0x0000000640bcb738,0x000000064b500000)
 Metaspace       used 20793K, capacity 21518K, committed 21760K, reserved 1069056K
  class space    used 2776K, capacity 2949K, committed 3072K, reserved 1048576K
GC Heap History (4 events):
Event: 1.791 GC heap before
{Heap before GC invocations=1 (full 0):
 PSYoungGen      total 114688K, used 83866K [0x0000000740000000, 0x0000000748000000, 0x00000007c0000000)
  eden space 98304K, 85% used [0x0000000740000000,0x00000007451e6bc8,0x0000000746000000)
  from space 16384K, 0% used [0x0000000747000000,0x0000000747000000,0x0000000748000000)
  to   space 16384K, 0% used [0x0000000746000000,0x0000000746000000,0x0000000747000000)
 ParOldGen       total 262144K, used 0K [0x0000000640000000, 0x0000000650000000, 0x0000000740000000)
  object space 262144K, 0% used [0x0000000640000000,0x0000000640000000,0x0000000650000000)
 Metaspace       used 20514K, capacity 21146K, committed 21296K, reserved 1067008K
  class space    used 2748K, capacity 2913K, committed 2944K, reserved 1048576K
Event: 1.802 GC heap after
Heap after GC invocations=1 (full 0):
 PSYoungGen      total 114688K, used 12657K [0x0000000740000000, 0x0000000748000000, 0x00000007c0000000)
  eden space 98304K, 0% used [0x0000000740000000,0x0000000740000000,0x0000000746000000)
  from space 16384K, 77% used [0x0000000746000000,0x0000000746c5c518,0x0000000747000000)
  to   space 16384K, 0% used [0x0000000747000000,0x0000000747000000,0x0000000748000000)
 ParOldGen       total 262144K, used 16K [0x0000000640000000, 0x0000000650000000, 0x0000000740000000)
  object space 262144K, 0% used [0x0000000640000000,0x0000000640004000,0x0000000650000000)
 Metaspace       used 20514K, capacity 21146K, committed 21296K, reserved 1067008K
  class space    used 2748K, capacity 2913K, committed 2944K, reserved 1048576K
}
Event: 1.802 GC heap before
{Heap before GC invocations=2 (full 1):
 PSYoungGen      total 114688K, used 12657K [0x0000000740000000, 0x0000000748000000, 0x00000007c0000000)
  eden space 98304K, 0% used [0x0000000740000000,0x0000000740000000,0x0000000746000000)
  from space 16384K, 77% used [0x0000000746000000,0x0000000746c5c518,0x0000000747000000)
  to   space 16384K, 0% used [0x0000000747000000,0x0000000747000000,0x0000000748000000)
 ParOldGen       total 262144K, used 16K [0x0000000640000000, 0x0000000650000000, 0x0000000740000000)
  object space 262144K, 0% used [0x0000000640000000,0x0000000640004000,0x0000000650000000)
 Metaspace       used 20514K, capacity 21146K, committed 21296K, reserved 1067008K
  class space    used 2748K, capacity 2913K, committed 2944K, reserved 1048576K
Event: 1.835 GC heap after
Heap after GC invocations=2 (full 1):
 PSYoungGen      total 114688K, used 0K [0x0000000740000000, 0x0000000748000000, 0x00000007c0000000)
  eden space 98304K, 0% used [0x0000000740000000,0x0000000740000000,0x0000000746000000)
  from space 16384K, 0% used [0x0000000746000000,0x0000000746000000,0x0000000747000000)
  to   space 16384K, 0% used [0x0000000747000000,0x0000000747000000,0x0000000748000000)
 ParOldGen       total 185344K, used 12077K [0x0000000640000000, 0x000000064b500000, 0x0000000740000000)
  object space 185344K, 6% used [0x0000000640000000,0x0000000640bcb738,0x000000064b500000)
 Metaspace       used 20514K, capacity 21146K, committed 21296K, reserved 1067008K
  class space    used 2748K, capacity 2913K, committed 2944K, reserved 1048576K
}

