# JRE version: Java(TM) SE Runtime Environment (8.0_172-b11) (build 1.8.0_172-b11)
# Java VM: Java HotSpot(TM) 64-Bit Server VM (25.172-b11 mixed mode bsd-amd64 compressed oops)
Heap:
 PSYoungGen      total 114688K, used 25940K [0x0000000740000000, 0x0000000748000000, 0x00000007c0000000)
  eden space 98304K, 18% used [0x0000000740000000,0x00000007411c0888,0x0000000746000000)
  from space 16384K, 47% used [0x0000000747000000,0x0000000747794850,0x0000000748000000)
  to   space 16384K, 0% used [0x0000000746000000,0x0000000746000000,0x0000000747000000)
 ParOldGen       total 262144K, used 32K [0x0000000640000000, 0x0000000650000000, 0x0000000740000000)
  object space 262144K, 0% used [0x0000000640000000,0x0000000640008000,0x0000000650000000)
 Metaspace       used 18087K, capacity 19274K, committed 19456K, reserved 1067008K
  class space    used 2484K, capacity 2711K, committed 2816K, reserved 1048576K
GC Heap History (4 events):
Event: 5.862 GC heap before
{Heap before GC invocations=1 (full 0):
 PSYoungGen      total 114688K, used 96352K [0x0000000740000000, 0x0000000748000000, 0x00000007c0000000)
  eden space 98304K, 98% used [0x0000000740000000,0x0000000745e18090,0x0000000746000000)
  from space 16384K, 0% used [0x0000000747000000,0x0000000747000000,0x0000000748000000)
  to   space 16384K, 0% used [0x0000000746000000,0x0000000746000000,0x0000000747000000)
 ParOldGen       total 262144K, used 0K [0x0000000640000000, 0x0000000650000000, 0x0000000740000000)
  object space 262144K, 0% used [0x0000000640000000,0x0000000640000000,0x0000000650000000)
 Metaspace       used 16710K, capacity 17808K, committed 18048K, reserved 1064960K
  class space    used 2441K, capacity 2642K, committed 2688K, reserved 1048576K
Event: 5.871 GC heap after
Heap after GC invocations=1 (full 0):
 PSYoungGen      total 114688K, used 7232K [0x0000000740000000, 0x0000000748000000, 0x00000007c0000000)
  eden space 98304K, 0% used [0x0000000740000000,0x0000000740000000,0x0000000746000000)
  from space 16384K, 44% used [0x0000000746000000,0x0000000746710050,0x0000000747000000)
  to   space 16384K, 0% used [0x0000000747000000,0x0000000747000000,0x0000000748000000)
 ParOldGen       total 262144K, used 16K [0x0000000640000000, 0x0000000650000000, 0x0000000740000000)
  object space 262144K, 0% used [0x0000000640000000,0x0000000640004000,0x0000000650000000)
 Metaspace       used 16710K, capacity 17808K, committed 18048K, reserved 1064960K
  class space    used 2441K, capacity 2642K, committed 2688K, reserved 1048576K
}
Event: 11.778 GC heap before
{Heap before GC invocations=2 (full 0):
 PSYoungGen      total 114688K, used 105260K [0x0000000740000000, 0x0000000748000000, 0x00000007c0000000)
  eden space 98304K, 99% used [0x0000000740000000,0x0000000745fbb330,0x0000000746000000)
  from space 16384K, 44% used [0x0000000746000000,0x0000000746710050,0x0000000747000000)
  to   space 16384K, 0% used [0x0000000747000000,0x0000000747000000,0x0000000748000000)
 ParOldGen       total 262144K, used 16K [0x0000000640000000, 0x0000000650000000, 0x0000000740000000)
  object space 262144K, 0% used [0x0000000640000000,0x0000000640004000,0x0000000650000000)
 Metaspace       used 17681K, capacity 18784K, committed 19072K, reserved 1064960K
  class space    used 2443K, capacity 2642K, committed 2688K, reserved 1048576K
Event: 11.786 GC heap after
Heap after GC invocations=2 (full 0):
 PSYoungGen      total 114688K, used 7762K [0x0000000740000000, 0x0000000748000000, 0x00000007c0000000)
  eden space 98304K, 0% used [0x0000000740000000,0x0000000740000000,0x0000000746000000)
  from space 16384K, 47% used [0x0000000747000000,0x0000000747794850,0x0000000748000000)
  to   space 16384K, 0% used [0x0000000746000000,0x0000000746000000,0x0000000747000000)
 ParOldGen       total 262144K, used 32K [0x0000000640000000, 0x0000000650000000, 0x0000000740000000)
  object space 262144K, 0% used [0x0000000640000000,0x0000000640008000,0x0000000650000000)
 Metaspace       used 17681K, capacity 18784K, committed 19072K, reserved 1064960K
  class space    used 2443K, capacity 2642K, committed 2688K, reserved 1048576K
}

