# JRE version: Java(TM) SE Runtime Environment (8.0_172-b11) (build 1.8.0_172-b11)
# Java VM: Java HotSpot(TM) 64-Bit Server VM (25.172-b11 mixed mode bsd-amd64 compressed oops)
Heap:
 PSYoungGen      total 114688K, used 24030K [0x0000000740000000, 0x0000000748000000, 0x00000007c0000000)
  eden space 98304K, 24% used [0x0000000740000000,0x0000000741777a80,0x0000000746000000)
  from space 16384K, 0% used [0x0000000746000000,0x0000000746000000,0x0000000747000000)
  to   space 16384K, 0% used [0x0000000747000000,0x0000000747000000,0x0000000748000000)
 ParOldGen       total 109568K, used 10999K [0x0000000640000000, 0x0000000646b00000, 0x0000000740000000)
  object space 109568K, 10% used [0x0000000640000000,0x0000000640abdcb8,0x0000000646b00000)
 Metaspace       used 23562K, capacity 24784K, committed 24960K, reserved 1071104K
  class space    used 3160K, capacity 3430K, committed 3456K, reserved 1048576K
GC Heap History (8 events):
Event: 3.423 GC heap before
{Heap before GC invocations=1 (full 0):
 PSYoungGen      total 114688K, used 97319K [0x0000000740000000, 0x0000000748000000, 0x00000007c0000000)
  eden space 98304K, 98% used [0x0000000740000000,0x0000000745f09db8,0x0000000746000000)
  from space 16384K, 0% used [0x0000000747000000,0x0000000747000000,0x0000000748000000)
  to   space 16384K, 0% used [0x0000000746000000,0x0000000746000000,0x0000000747000000)
 ParOldGen       total 262144K, used 0K [0x0000000640000000, 0x0000000650000000, 0x0000000740000000)
  object space 262144K, 0% used [0x0000000640000000,0x0000000640000000,0x0000000650000000)
 Metaspace       used 16688K, capacity 17804K, committed 18048K, reserved 1064960K
  class space    used 2441K, capacity 2642K, committed 2688K, reserved 1048576K
Event: 3.430 GC heap after
Heap after GC invocations=1 (full 0):
 PSYoungGen      total 114688K, used 7252K [0x0000000740000000, 0x0000000748000000, 0x00000007c0000000)
  eden space 98304K, 0% used [0x0000000740000000,0x0000000740000000,0x0000000746000000)
  from space 16384K, 44% used [0x0000000746000000,0x0000000746715050,0x0000000747000000)
  to   space 16384K, 0% used [0x0000000747000000,0x0000000747000000,0x0000000748000000)
 ParOldGen       total 262144K, used 24K [0x0000000640000000, 0x0000000650000000, 0x0000000740000000)
  object space 262144K, 0% used [0x0000000640000000,0x0000000640006000,0x0000000650000000)
 Metaspace       used 16688K, capacity 17804K, committed 18048K, reserved 1064960K
  class space    used 2441K, capacity 2642K, committed 2688K, reserved 1048576K
}
Event: 4.557 GC heap before
{Heap before GC invocations=2 (full 0):
 PSYoungGen      total 114688K, used 104065K [0x0000000740000000, 0x0000000748000000, 0x00000007c0000000)
  eden space 98304K, 98% used [0x0000000740000000,0x0000000745e8b788,0x0000000746000000)
  from space 16384K, 44% used [0x0000000746000000,0x0000000746715050,0x0000000747000000)
  to   space 16384K, 0% used [0x0000000747000000,0x0000000747000000,0x0000000748000000)
 ParOldGen       total 262144K, used 24K [0x0000000640000000, 0x0000000650000000, 0x0000000740000000)
  object space 262144K, 0% used [0x0000000640000000,0x0000000640006000,0x0000000650000000)
 Metaspace       used 16855K, capacity 17932K, committed 18048K, reserved 1064960K
  class space    used 2441K, capacity 2642K, committed 2688K, reserved 1048576K
Event: 4.563 GC heap after
Heap after GC invocations=2 (full 0):
 PSYoungGen      total 114688K, used 6852K [0x0000000740000000, 0x0000000748000000, 0x00000007c0000000)
  eden space 98304K, 0% used [0x0000000740000000,0x0000000740000000,0x0000000746000000)
  from space 16384K, 41% used [0x0000000747000000,0x00000007476b1040,0x0000000748000000)
  to   space 16384K, 0% used [0x0000000746000000,0x0000000746000000,0x0000000747000000)
 ParOldGen       total 262144K, used 32K [0x0000000640000000, 0x0000000650000000, 0x0000000740000000)
  object space 262144K, 0% used [0x0000000640000000,0x0000000640008000,0x0000000650000000)
 Metaspace       used 16855K, capacity 17932K, committed 18048K, reserved 1064960K
  class space    used 2441K, capacity 2642K, committed 2688K, reserved 1048576K
}
Event: 11.492 GC heap before
{Heap before GC invocations=3 (full 0):
 PSYoungGen      total 114688K, used 95817K [0x0000000740000000, 0x0000000748000000, 0x00000007c0000000)
  eden space 98304K, 90% used [0x0000000740000000,0x00000007456e16e8,0x0000000746000000)
  from space 16384K, 41% used [0x0000000747000000,0x00000007476b1040,0x0000000748000000)
  to   space 16384K, 0% used [0x0000000746000000,0x0000000746000000,0x0000000747000000)
 ParOldGen       total 262144K, used 32K [0x0000000640000000, 0x0000000650000000, 0x0000000740000000)
  object space 262144K, 0% used [0x0000000640000000,0x0000000640008000,0x0000000650000000)
 Metaspace       used 19953K, capacity 21132K, committed 21248K, reserved 1067008K
  class space    used 2742K, capacity 2992K, committed 3072K, reserved 1048576K
Event: 11.501 GC heap after
Heap after GC invocations=3 (full 0):
 PSYoungGen      total 114688K, used 11100K [0x0000000740000000, 0x0000000748000000, 0x00000007c0000000)
  eden space 98304K, 0% used [0x0000000740000000,0x0000000740000000,0x0000000746000000)
  from space 16384K, 67% used [0x0000000746000000,0x0000000746ad7310,0x0000000747000000)
  to   space 16384K, 0% used [0x0000000747000000,0x0000000747000000,0x0000000748000000)
 ParOldGen       total 262144K, used 40K [0x0000000640000000, 0x0000000650000000, 0x0000000740000000)
  object space 262144K, 0% used [0x0000000640000000,0x000000064000a000,0x0000000650000000)
 Metaspace       used 19953K, capacity 21132K, committed 21248K, reserved 1067008K
  class space    used 2742K, capacity 2992K, committed 3072K, reserved 1048576K
}
Event: 11.501 GC heap before
{Heap before GC invocations=4 (full 1):
 PSYoungGen      total 114688K, used 11100K [0x0000000740000000, 0x0000000748000000, 0x00000007c0000000)
  eden space 98304K, 0% used [0x0000000740000000,0x0000000740000000,0x0000000746000000)
  from space 16384K, 67% used [0x0000000746000000,0x0000000746ad7310,0x0000000747000000)
  to   space 16384K, 0% used [0x0000000747000000,0x0000000747000000,0x0000000748000000)
 ParOldGen       total 262144K, used 40K [0x0000000640000000, 0x0000000650000000, 0x0000000740000000)
  object space 262144K, 0% used [0x0000000640000000,0x000000064000a000,0x0000000650000000)
 Metaspace       used 19953K, capacity 21132K, committed 21248K, reserved 1067008K
  class space    used 2742K, capacity 2992K, committed 3072K, reserved 1048576K
Event: 11.532 GC heap after
Heap after GC invocations=4 (full 1):
 PSYoungGen      total 114688K, used 0K [0x0000000740000000, 0x0000000748000000, 0x00000007c0000000)
  eden space 98304K, 0% used [0x0000000740000000,0x0000000740000000,0x0000000746000000)
  from space 16384K, 0% used [0x0000000746000000,0x0000000746000000,0x0000000747000000)
  to   space 16384K, 0% used [0x0000000747000000,0x0000000747000000,0x0000000748000000)
 ParOldGen       total 109568K, used 10999K [0x0000000640000000, 0x0000000646b00000, 0x0000000740000000)
  object space 109568K, 10% used [0x0000000640000000,0x0000000640abdcb8,0x0000000646b00000)
 Metaspace       used 19953K, capacity 21132K, committed 21248K, reserved 1067008K
  class space    used 2742K, capacity 2992K, committed 3072K, reserved 1048576K
}

